<?xml version="1.0" encoding="UTF-8"?>
<testsuite name="TestSuite" time="110.29" tests="5" errors="0" skipped="0" failures="1">
  <properties>
    <property name="java.runtime.name" value="Java(TM) SE Runtime Environment"/>
    <property name="sun.boot.library.path" value="C:\Program Files\Java\jdk1.8.0_161\jre\bin"/>
    <property name="java.vm.version" value="25.161-b12"/>
    <property name="java.vm.vendor" value="Oracle Corporation"/>
    <property name="maven.multiModuleProjectDirectory" value="H:\EclipseWorkspace\TestPlaneTicket"/>
    <property name="java.vendor.url" value="http://java.oracle.com/"/>
    <property name="path.separator" value=";"/>
    <property name="guice.disable.misplaced.annotation.check" value="true"/>
    <property name="java.vm.name" value="Java HotSpot(TM) 64-Bit Server VM"/>
    <property name="file.encoding.pkg" value="sun.io"/>
    <property name="user.script" value=""/>
    <property name="user.country" value="CA"/>
    <property name="sun.java.launcher" value="SUN_STANDARD"/>
    <property name="sun.os.patch.level" value="Service Pack 1"/>
    <property name="java.vm.specification.name" value="Java Virtual Machine Specification"/>
    <property name="user.dir" value="H:\EclipseWorkspace\TestPlaneTicket"/>
    <property name="java.runtime.version" value="1.8.0_161-b12"/>
    <property name="java.awt.graphicsenv" value="sun.awt.Win32GraphicsEnvironment"/>
    <property name="java.endorsed.dirs" value="C:\Program Files\Java\jdk1.8.0_161\jre\lib\endorsed"/>
    <property name="os.arch" value="amd64"/>
    <property name="java.io.tmpdir" value="C:\Users\QUAN~1.HUY\AppData\Local\Temp\"/>
    <property name="line.separator" value="&#10;"/>
    <property name="java.vm.specification.vendor" value="Oracle Corporation"/>
    <property name="user.variant" value=""/>
    <property name="os.name" value="Windows 7"/>
    <property name="classworlds.conf" value="C:\Cucumber\apache-maven-3.5.3\bin\..\bin\m2.conf"/>
    <property name="sun.jnu.encoding" value="Cp1252"/>
    <property name="java.library.path" value="C:\Program Files\Java\jdk1.8.0_161\bin;C:\Windows\Sun\Java\bin;C:\Windows\system32;C:\Windows;C:\Python279\;C:\Python279\Scripts;C:\ProgramData\Oracle\Java\javapath;C:\Program Files (x86)\Intel\iCLS Client\;C:\Program Files\Intel\iCLS Client\;C:\Windows\system32;C:\Windows;C:\Windows\System32\Wbem;C:\Windows\System32\WindowsPowerShell\v1.0\;C:\Program Files\Intel\Intel(R) Management Engine Components\DAL;C:\Program Files (x86)\Intel\Intel(R) Management Engine Components\DAL;C:\Program Files\Intel\Intel(R) Management Engine Components\IPT;C:\Program Files (x86)\Intel\Intel(R) Management Engine Components\IPT;C:\Program Files\TortoiseSVN\bin;C:\Program Files (x86)\Microsoft SQL Server\110\Tools\Binn\;C:\Program Files\Microsoft SQL Server\110\Tools\Binn\;C:\Program Files\Microsoft SQL Server\110\DTS\Binn\;C:\Program Files (x86)\Microsoft SQL Server\110\Tools\Binn\ManagementStudio\;C:\Program Files (x86)\Microsoft SQL Server\110\DTS\Binn\;C:\Users\Quan.Huynh\.dnx\bin;C:\Program Files\Microsoft DNX\Dnvm\;C:\Program Files\Microsoft SQL Server\130\Tools\Binn\;C:\Program Files\nodejs\;C:\Program Files\Microsoft SQL Server\120\Tools\Binn\;C:\Program Files\dotnet\;C:\Program Files\Git\cmd;C:\Program Files\PuTTY\;C:\Program Files (x86)\Windows Kits\8.1\Windows Performance Toolkit\;C:\Redis\;C:\Cucumber\apache-maven-3.5.3\bin;C:\Cucumber\apache-maven-3.5.3\bin;C:\Users\Quan.Huynh\AppData\Local\GitHubDesktop\bin;."/>
    <property name="maven.conf" value="C:\Cucumber\apache-maven-3.5.3\bin\../conf"/>
    <property name="java.specification.name" value="Java Platform API Specification"/>
    <property name="java.class.version" value="52.0"/>
    <property name="sun.management.compiler" value="HotSpot 64-Bit Tiered Compilers"/>
    <property name="os.version" value="6.1"/>
    <property name="library.jansi.path" value="C:\Cucumber\apache-maven-3.5.3\bin\..\lib\jansi-native"/>
    <property name="user.home" value="C:\Users\Quan.Huynh"/>
    <property name="user.timezone" value="America/New_York"/>
    <property name="java.awt.printerjob" value="sun.awt.windows.WPrinterJob"/>
    <property name="java.specification.version" value="1.8"/>
    <property name="file.encoding" value="Cp1252"/>
    <property name="user.name" value="quan.huynh"/>
    <property name="java.class.path" value="C:\Cucumber\apache-maven-3.5.3\bin\..\boot\plexus-classworlds-2.5.2.jar"/>
    <property name="java.vm.specification.version" value="1.8"/>
    <property name="sun.arch.data.model" value="64"/>
    <property name="java.home" value="C:\Program Files\Java\jdk1.8.0_161\jre"/>
    <property name="sun.java.command" value="org.codehaus.plexus.classworlds.launcher.Launcher test"/>
    <property name="java.specification.vendor" value="Oracle Corporation"/>
    <property name="user.language" value="en"/>
    <property name="awt.toolkit" value="sun.awt.windows.WToolkit"/>
    <property name="java.vm.info" value="mixed mode"/>
    <property name="java.version" value="1.8.0_161"/>
    <property name="java.ext.dirs" value="C:\Program Files\Java\jdk1.8.0_161\jre\lib\ext;C:\Windows\Sun\Java\lib\ext"/>
    <property name="sun.boot.class.path" value="C:\Program Files\Java\jdk1.8.0_161\jre\lib\resources.jar;C:\Program Files\Java\jdk1.8.0_161\jre\lib\rt.jar;C:\Program Files\Java\jdk1.8.0_161\jre\lib\sunrsasign.jar;C:\Program Files\Java\jdk1.8.0_161\jre\lib\jsse.jar;C:\Program Files\Java\jdk1.8.0_161\jre\lib\jce.jar;C:\Program Files\Java\jdk1.8.0_161\jre\lib\charsets.jar;C:\Program Files\Java\jdk1.8.0_161\jre\lib\jfr.jar;C:\Program Files\Java\jdk1.8.0_161\jre\classes"/>
    <property name="sun.stderr.encoding" value="cp850"/>
    <property name="java.vendor" value="Oracle Corporation"/>
    <property name="maven.home" value="C:\Cucumber\apache-maven-3.5.3\bin\.."/>
    <property name="file.separator" value="\"/>
    <property name="java.vendor.url.bug" value="http://bugreport.sun.com/bugreport/"/>
    <property name="sun.cpu.endian" value="little"/>
    <property name="sun.io.unicode.encoding" value="UnicodeLittle"/>
    <property name="sun.stdout.encoding" value="cp850"/>
    <property name="sun.desktop" value="windows"/>
    <property name="sun.cpu.isalist" value="amd64"/>
  </properties>
  <testcase name="Verify_There_Is_A_List_Of_Airline_Brands_That_User_Can_Select" classname="pageTests.FlightResultPageTest" time="43.183"/>
  <testcase name="Verify_There_Is_A_Progess_Bar_When_Ticket_Is_Being_Searched" classname="pageTests.FlightResultPageTest" time="11.28"/>
  <testcase name="Verify_User_Can_Get_Cheapest_Price_After_Selecting_An_Airline_Brand" classname="pageTests.FlightResultPageTest" time="55.41">
    <failure message="Expected condition failed: waiting for visibility of element located by By.xpath: //div[@class=&apos;main_search_fares_form&apos;]/div[2]/div/div[3]/div[2]/div[2] (tried for 20 second(s) with 500 milliseconds interval)" type="org.openqa.selenium.TimeoutException">org.openqa.selenium.TimeoutException: Expected condition failed: waiting for visibility of element located by By.xpath: //div[@class='main_search_fares_form']/div[2]/div/div[3]/div[2]/div[2] (tried for 20 second(s) with 500 milliseconds interval)
	at org.openqa.selenium.support.ui.ExpectedConditions.lambda$findElement$0(ExpectedConditions.java:896)
	at java.util.Optional.orElseThrow(Optional.java:290)
	at org.openqa.selenium.support.ui.ExpectedConditions.findElement(ExpectedConditions.java:895)
	at org.openqa.selenium.support.ui.ExpectedConditions.access$000(ExpectedConditions.java:44)
	at org.openqa.selenium.support.ui.ExpectedConditions$7.apply(ExpectedConditions.java:206)
	at org.openqa.selenium.support.ui.ExpectedConditions$7.apply(ExpectedConditions.java:202)
	at org.openqa.selenium.support.ui.FluentWait.until(FluentWait.java:248)
	at pageObjects.FlightHomePage.UserPickReturnDate(FlightHomePage.java:92)
	at pageTests.FlightResultPageTest.Verify_User_Can_Get_Cheapest_Price_After_Selecting_An_Airline_Brand(FlightResultPageTest.java:54)
</failure>
    <system-out>Verify_There_Is_A_Progess_Bar_When_Ticket_Is_Being_Searched passed!
closing driver 
Starting web driver! Running test on firefox
Verify_User_Can_Get_Cheapest_Price_After_Selecting_An_Airline_Brand started!
</system-out>
    <system-err>1537812602621	Marionette	INFO	Stopped listening on port 34981
[Parent 121580, Gecko_IOThread] WARNING: pipe error: 109: file z:/build/build/src/ipc/chromium/src/chrome/common/ipc_channel_win.cc, line 346
[Child 128292, Chrome_ChildThread] WARNING: pipe error: 109: file z:/build/build/src/ipc/chromium/src/chrome/common/ipc_channel_win.cc, line 346
[Child 128292, Chrome_ChildThread] WARNING: pipe error: 109: file z:/build/build/src/ipc/chromium/src/chrome/common/ipc_channel_win.cc, line 346
[Parent 121580, Gecko_IOThread] WARNING: pipe error: 109: file z:/build/build/src/ipc/chromium/src/chrome/common/ipc_channel_win.cc, line 346
[Child 129696, Chrome_ChildThread] WARNING: pipe error: 109: file z:/build/build/src/ipc/chromium/src/chrome/common/ipc_channel_win.cc, line 346
1537812603227	geckodriver	INFO	geckodriver 0.20.1
1537812603233	geckodriver	INFO	Listening on 127.0.0.1:2287
1537812603729	mozrunner::runner	INFO	Running command: "C:/Program Files (x86)/Mozilla Firefox/firefox.exe" "-marionette" "-headless" "-profile" "C:\\Users\\QUAN~1.HUY\\AppData\\Local\\Temp\\rust_mozprofile.PFkRe9AETbRI"
*** You are running in headless mode.
1537812605028	Marionette	INFO	Listening on port 35450
1537812605237	Marionette	WARN	TLS certificate errors will be ignored for this session
1537812605260	Marionette	DEBUG	[6442450945] Frame script loaded
1537812605264	Marionette	DEBUG	[6442450945] Frame script registered
Sep 24, 2018 2:10:05 PM org.openqa.selenium.remote.ProtocolHandshake createSession
INFO: Detected dialect: W3C
1537812608798	Marionette	DEBUG	[6442450945] Received DOM event beforeunload for about:blank
1537812609464	Marionette	DEBUG	[6442450945] Received DOM event pagehide for about:blank
1537812609877	Marionette	DEBUG	[6442450945] Received DOM event DOMContentLoaded for https://www.flighthub.com/
JavaScript warning: https://www.googletagmanager.com/gtag/js?id=DC-8177313, line 74: unreachable code after return statement
JavaScript warning: https://www.googletagmanager.com/gtag/js?id=DC-8177313, line 74: unreachable code after return statement
1537812611127	Marionette	DEBUG	[6442450945] Received DOM event pageshow for https://www.flighthub.com/
</system-err>
  </testcase>
  <testcase name="Verify_Page_Title_And_User_Is_Presented_At_Flight_Tab_In_Flight_Home_Page" classname="pageTests.FlightHomePageTest" time="0.058"/>
  <testcase name="Verify_User_Can_Select_Different_Business_Class" classname="pageTests.FlightHomePageTest" time="0.359"/>
</testsuite>