<?xml version="1.0" encoding="UTF-8"?>
<!-- Generated by org.testng.reporters.JUnitReportReporter -->
<testsuite skipped="0" hostname="PCPC-PC" name="pageTests.FlightHomePageTest" tests="1" failures="0" timestamp="28 Aug 2018 21:02:13 GMT" time="23.102" errors="0">
  <testcase name="Verify_User_Can_Search_For_Flight" time="23.102" classname="pageTests.FlightHomePageTest"/>
</testsuite> <!-- pageTests.FlightHomePageTest -->
