<?xml version="1.0" encoding="UTF-8"?>
<!-- Generated by org.testng.reporters.JUnitReportReporter -->
<testsuite skipped="0" hostname="PCPC-PC" name="pageTests.FlightResultPageTest" tests="1" failures="0" timestamp="04 Sep 2018 00:39:29 GMT" time="69.828" errors="0">
  <testcase name="Verify_There_Is_A_List_Of_Airline_Brands_That_User_Can_Select" time="69.828" classname="pageTests.FlightResultPageTest"/>
</testsuite> <!-- pageTests.FlightResultPageTest -->
