<?xml version="1.0" encoding="UTF-8"?>
<!-- Generated by org.testng.reporters.JUnitReportReporter -->
<testsuite skipped="0" hostname="QHUY" name="pageTests.FlightResultPageTest" tests="1" failures="0" timestamp="06 Sep 2018 20:25:45 GMT" time="48.550" errors="0">
  <testcase name="Verify_User_Can_Get_Cheapest_Price_After_Selecting_An_Airline_Brand" time="48.550" classname="pageTests.FlightResultPageTest"/>
</testsuite> <!-- pageTests.FlightResultPageTest -->
