<?xml version="1.0" encoding="UTF-8"?>
<!-- Generated by org.testng.reporters.JUnitReportReporter -->
<testsuite skipped="0" hostname="PCPC-PC" name="seleniumTests.testNG" tests="1" failures="0" timestamp="28 Aug 2018 05:10:53 GMT" time="13.364" errors="0">
  <testcase name="Test1" time="13.364" classname="seleniumTests.testNG"/>
</testsuite> <!-- seleniumTests.testNG -->
