<?xml version="1.0" encoding="UTF-8"?>
<!-- Generated by org.testng.reporters.JUnitReportReporter -->
<testsuite skipped="0" hostname="QHUY" name="cucumber.TestRunner.CucumberRunner" tests="1" failures="0" timestamp="24 Sep 2018 20:00:19 GMT" time="9.265" errors="0">
  <testcase name="UserCanSearchForFlightTicket" time="9.265" classname="cucumber.TestRunner.CucumberRunner"/>
</testsuite> <!-- cucumber.TestRunner.CucumberRunner -->
