<?xml version="1.0" encoding="UTF-8"?>
<!-- Generated by org.testng.reporters.JUnitReportReporter -->
<testsuite skipped="0" hostname="QHUY" name="pageTests.FlightHomePageTest" tests="4" failures="0" timestamp="21 Sep 2018 19:04:47 GMT" time="37.100" errors="0">
  <testcase name="Verify_User_Is_Present_With_Validation_Errors" time="10.516" classname="pageTests.FlightHomePageTest"/>
  <testcase name="Verify_User_Can_Select_Different_Passenger_Type" time="5.870" classname="pageTests.FlightHomePageTest"/>
  <testcase name="Verify_User_Can_Search_For_Flight" time="14.022" classname="pageTests.FlightHomePageTest"/>
  <testcase name="Verify_User_Can_Select_Different_Business_Class" time="6.692" classname="pageTests.FlightHomePageTest"/>
</testsuite> <!-- pageTests.FlightHomePageTest -->
