<?xml version="1.0" encoding="UTF-8"?>
<!-- Generated by org.testng.reporters.JUnitReportReporter -->
<testsuite skipped="0" hostname="QHUY" name="pageTests.FlightHomePageTest" tests="2" failures="0" timestamp="24 Sep 2018 18:11:25 GMT" time="17.760" errors="0">
  <testcase name="Verify_Page_Title_And_User_Is_Presented_At_Flight_Tab_In_Flight_Home_Page" time="8.544" classname="pageTests.FlightHomePageTest"/>
  <testcase name="Verify_User_Can_Select_Different_Business_Class" time="9.216" classname="pageTests.FlightHomePageTest"/>
</testsuite> <!-- pageTests.FlightHomePageTest -->
